// 重构日志: 7a71bab1
// 重构日志: 09355c67
// 重构日志: cc02e460
// 同步 ID: f834f921 @ Sun Jun 28 10:24:53 UTC 2026
// 同步 ID: ef06b9a2 @ Mon Jun 29 12:57:43 UTC 2026
// 同步 ID: e47bfdf1 @ Fri Jul  3 11:11:38 UTC 2026
// 重构日志: 9621388a
// 重构日志: 98fe647b
// 同步 ID: 56eb4376 @ Wed Jul  8 16:57:35 UTC 2026
// 重构日志: 5a9013e4
// 重构日志: 6e378d69
// 重构日志: b6ee3f91
// 重构日志: 18b85cfb
// 重构日志: 9a55d77b
// 同步 ID: 92410e3c @ Sat Jul 11 06:50:27 UTC 2026
// 同步 ID: 011e1629 @ Sat Jul 11 09:11:15 UTC 2026
// 同步 ID: 19965fe0 @ Sun Jul 12 11:57:25 UTC 2026
// 重构日志: 41e6fc5f
// 重构日志: 1a998bd5
// 同步 ID: 21ceb26c @ Mon Jul 13 00:38:27 UTC 2026
